#
# There is insufficient memory for the Java Runtime Environment to continue.
# Native memory allocation (mmap) failed to map 268435456 bytes for G1 virtual space
# Possible reasons:
#   The system is out of physical RAM or swap space
#   The process is running with CompressedOops enabled, and the Java Heap may be blocking the growth of the native heap
# Possible solutions:
#   Reduce memory load on the system
#   Increase physical memory or swap space
#   Check if swap backing store is full
#   Decrease Java heap size (-Xmx/-Xms)
#   Decrease number of Java threads
#   Decrease Java thread stack sizes (-Xss)
#   Set larger code cache with -XX:ReservedCodeCacheSize=
#   JVM is running with Zero Based Compressed Oops mode in which the Java heap is
#     placed in the first 32GB address space. The Java Heap base address is the
#     maximum limit for the native heap growth. Please use -XX:HeapBaseMinAddress
#     to set the Java Heap base and to place the Java Heap above 32GB virtual address.
# This output file may be truncated or incomplete.
#
#  Out of Memory Error (os_windows.cpp:3469), pid=7060, tid=22284
#
# JRE version:  (17.0+35) (build )
# Java VM: Java HotSpot(TM) 64-Bit Server VM (17+35-LTS-2724, mixed mode, sharing, tiered, compressed oops, compressed class ptrs, g1 gc, windows-amd64)
# No core dump will be written. Minidumps are not enabled by default on client versions of Windows
#

---------------  S U M M A R Y ------------

Command Line: -Dfile.encoding=UTF-8 --module-path=C:\Users\Kalle\Desktop\Koulu\Java\Tentit\Tentti-2\build\classes Tentti_2.Tehtava_3

Host: Intel(R) Core(TM) i5-7300HQ CPU @ 2.50GHz, 4 cores, 15G,  Windows 10 , 64 bit Build 19041 (10.0.19041.1202)
Time: Thu Oct 21 14:10:01 2021 FLE Daylight Time elapsed time: 0.016036 seconds (0d 0h 0m 0s)

---------------  T H R E A D  ---------------

Current thread (0x000001e5b53fafe0):  JavaThread "Unknown thread" [_thread_in_vm, id=22284, stack(0x0000009834100000,0x0000009834200000)]

Stack: [0x0000009834100000,0x0000009834200000]
Native frames: (J=compiled Java code, j=interpreted, Vv=VM code, C=native code)
V  [jvm.dll+0x66f8ea]
V  [jvm.dll+0x7ce224]
V  [jvm.dll+0x7cf9ce]
V  [jvm.dll+0x7d0033]
V  [jvm.dll+0x242bb5]
V  [jvm.dll+0x66c909]
V  [jvm.dll+0x6613d2]
V  [jvm.dll+0x30082b]
V  [jvm.dll+0x307db6]
V  [jvm.dll+0x357a0e]
V  [jvm.dll+0x357c3f]
V  [jvm.dll+0x2d7ae8]
V  [jvm.dll+0x2d8a54]
V  [jvm.dll+0x7a00a1]
V  [jvm.dll+0x365781]
V  [jvm.dll+0x77f59c]
V  [jvm.dll+0x3e805f]
V  [jvm.dll+0x3e9b01]
C  [jli.dll+0x527b]
C  [ucrtbase.dll+0x21bb2]
C  [KERNEL32.DLL+0x17034]
C  [ntdll.dll+0x52651]


---------------  P R O C E S S  ---------------

Threads class SMR info:
_java_thread_list=0x00007ffd428b7818, length=0, elements={
}

Java Threads: ( => current thread )

Other Threads:
  0x000001e5b740de20 GCTaskThread "GC Thread#0" [stack: 0x0000009834200000,0x0000009834300000] [id=27784]
  0x000001e5b741eba0 ConcurrentGCThread "G1 Main Marker" [stack: 0x0000009834300000,0x0000009834400000] [id=23612]
  0x000001e5b7420d60 ConcurrentGCThread "G1 Conc#0" [stack: 0x0000009834400000,0x0000009834500000] [id=18404]

[error occurred during error reporting (printing all threads), id 0xc0000005, EXCEPTION_ACCESS_VIOLATION (0xc0000005) at pc=0x00007ffd421084c7]

VM state: not at safepoint (not fully initialized)

VM Mutex/Monitor currently owned by a thread:  ([mutex/lock_event])
[0x000001e5b73c02a0] Heap_lock - owner thread: 0x000001e5b53fafe0

Heap address: 0x0000000701c00000, size: 4068 MB, Compressed Oops mode: Zero based, Oop shift amount: 3

CDS archive(s) mapped at: [0x0000000000000000-0x0000000000000000-0x0000000000000000), size 0, SharedBaseAddress: 0x0000000800000000, ArchiveRelocationMode: 0.
Narrow klass base: 0x0000000000000000, Narrow klass shift: 0, Narrow klass range: 0x0

GC Precious Log:
<Empty>

Heap:
 garbage-first heap   total 0K, used 0K [0x0000000701c00000, 0x0000000800000000)
  region size 2048K, 0 young (0K), 0 survivors (0K)

[error occurred during error reporting (printing heap information), id 0xc0000005, EXCEPTION_ACCESS_VIOLATION (0xc0000005) at pc=0x00007ffd424e8c59]

GC Heap History (0 events):
No events

Deoptimization events (0 events):
No events

Classes unloaded (0 events):
No events

Classes redefined (0 events):
No events

Internal exceptions (0 events):
No events

VM Operations (0 events):
No events

Events (1 events):
Event: 0.011 Loaded shared library C:\Program Files\Java\jdk-17\bin\java.dll


Dynamic libraries:
0x00007ff6b2920000 - 0x00007ff6b2930000 	C:\Program Files\Java\jdk-17\bin\java.exe
0x00007ffdacf90000 - 0x00007ffdad185000 	C:\WINDOWS\SYSTEM32\ntdll.dll
0x00007ffdac080000 - 0x00007ffdac13e000 	C:\WINDOWS\System32\KERNEL32.DLL
0x00007ffdaaac0000 - 0x00007ffdaad89000 	C:\WINDOWS\System32\KERNELBASE.dll
0x00007ffdaa6b0000 - 0x00007ffdaa7b0000 	C:\WINDOWS\System32\ucrtbase.dll
0x00007ffd8cda0000 - 0x00007ffd8cdb8000 	C:\Program Files\Java\jdk-17\bin\jli.dll
0x00007ffd8e6b0000 - 0x00007ffd8e6ca000 	C:\Program Files\Java\jdk-17\bin\VCRUNTIME140.dll
0x00007ffdac250000 - 0x00007ffdac2fc000 	C:\WINDOWS\System32\ADVAPI32.dll
0x00007ffdacaa0000 - 0x00007ffdacb3e000 	C:\WINDOWS\System32\msvcrt.dll
0x00007ffdab5e0000 - 0x00007ffdab67b000 	C:\WINDOWS\System32\sechost.dll
0x00007ffdac8e0000 - 0x00007ffdaca0a000 	C:\WINDOWS\System32\RPCRT4.dll
0x00007ffdacda0000 - 0x00007ffdacf41000 	C:\WINDOWS\System32\USER32.dll
0x00007ffdaa950000 - 0x00007ffdaa972000 	C:\WINDOWS\System32\win32u.dll
0x00007ffdac220000 - 0x00007ffdac24b000 	C:\WINDOWS\System32\GDI32.dll
0x00007ffdaa810000 - 0x00007ffdaa91b000 	C:\WINDOWS\System32\gdi32full.dll
0x00007ffdaaf40000 - 0x00007ffdaafdd000 	C:\WINDOWS\System32\msvcp_win.dll
0x00007ffd95100000 - 0x00007ffd9539a000 	C:\WINDOWS\WinSxS\amd64_microsoft.windows.common-controls_6595b64144ccf1df_6.0.19041.1110_none_60b5254171f9507e\COMCTL32.dll
0x00007ffda9450000 - 0x00007ffda945a000 	C:\WINDOWS\SYSTEM32\VERSION.dll
0x00007ffdacd70000 - 0x00007ffdacda0000 	C:\WINDOWS\System32\IMM32.DLL
0x00007ffd92a80000 - 0x00007ffd92a8c000 	C:\Program Files\Java\jdk-17\bin\vcruntime140_1.dll
0x00007ffd700f0000 - 0x00007ffd7017d000 	C:\Program Files\Java\jdk-17\bin\msvcp140.dll
0x00007ffd41e20000 - 0x00007ffd429de000 	C:\Program Files\Java\jdk-17\bin\server\jvm.dll
0x00007ffdabef0000 - 0x00007ffdabef8000 	C:\WINDOWS\System32\PSAPI.DLL
0x00007ffda1c60000 - 0x00007ffda1c69000 	C:\WINDOWS\SYSTEM32\WSOCK32.dll
0x00007ffdaca10000 - 0x00007ffdaca7b000 	C:\WINDOWS\System32\WS2_32.dll
0x00007ffd91940000 - 0x00007ffd91967000 	C:\WINDOWS\SYSTEM32\WINMM.dll
0x00007ffda9410000 - 0x00007ffda9422000 	C:\WINDOWS\SYSTEM32\kernel.appcore.dll
0x00007ffd8b640000 - 0x00007ffd8b64a000 	C:\Program Files\Java\jdk-17\bin\jimage.dll
0x00007ffd8ae70000 - 0x00007ffd8b054000 	C:\WINDOWS\SYSTEM32\DBGHELP.DLL
0x00007ffd8ae40000 - 0x00007ffd8ae6c000 	C:\WINDOWS\SYSTEM32\dbgcore.DLL
0x00007ffdaa980000 - 0x00007ffdaaa03000 	C:\WINDOWS\System32\bcryptPrimitives.dll
0x00007ffd84740000 - 0x00007ffd84765000 	C:\Program Files\Java\jdk-17\bin\java.dll

dbghelp: loaded successfully - version: 4.0.5 - missing functions: none
symbol engine: initialized successfully - sym options: 0x614 - pdb path: .;C:\Program Files\Java\jdk-17\bin;C:\WINDOWS\SYSTEM32;C:\WINDOWS\WinSxS\amd64_microsoft.windows.common-controls_6595b64144ccf1df_6.0.19041.1110_none_60b5254171f9507e;C:\Program Files\Java\jdk-17\bin\server

VM Arguments:
jvm_args: -Dfile.encoding=UTF-8 --module-path=C:\Users\Kalle\Desktop\Koulu\Java\Tentit\Tentti-2\build\classes 
java_command: Tentti_2.Tehtava_3
java_class_path (initial): C:\Users\Kalle\Desktop\Koulu\Java\Tentit\Tentti-2\build\classes
Launcher Type: SUN_STANDARD

[Global flags]
     intx CICompilerCount                          = 3                                         {product} {ergonomic}
     uint ConcGCThreads                            = 1                                         {product} {ergonomic}
     uint G1ConcRefinementThreads                  = 4                                         {product} {ergonomic}
   size_t G1HeapRegionSize                         = 2097152                                   {product} {ergonomic}
    uintx GCDrainStackTargetSize                   = 64                                        {product} {ergonomic}
   size_t InitialHeapSize                          = 268435456                                 {product} {ergonomic}
   size_t MarkStackSize                            = 4194304                                   {product} {ergonomic}
   size_t MaxHeapSize                              = 4265607168                                {product} {ergonomic}
   size_t MinHeapDeltaBytes                        = 2097152                                   {product} {ergonomic}
   size_t MinHeapSize                              = 8388608                                   {product} {ergonomic}
    uintx NonNMethodCodeHeapSize                   = 5832780                                {pd product} {ergonomic}
    uintx NonProfiledCodeHeapSize                  = 122912730                              {pd product} {ergonomic}
    uintx ProfiledCodeHeapSize                     = 122912730                              {pd product} {ergonomic}
    uintx ReservedCodeCacheSize                    = 251658240                              {pd product} {ergonomic}
     bool SegmentedCodeCache                       = true                                      {product} {ergonomic}
   size_t SoftMaxHeapSize                          = 4265607168                             {manageable} {ergonomic}
     bool UseCompressedClassPointers               = true                           {product lp64_product} {ergonomic}
     bool UseCompressedOops                        = true                           {product lp64_product} {ergonomic}
     bool UseG1GC                                  = true                                      {product} {ergonomic}
     bool UseLargePagesIndividualAllocation        = false                                  {pd product} {ergonomic}

Logging:
Log output configuration:
 #0: stdout all=warning uptime,level,tags
 #1: stderr all=off uptime,level,tags

Environment Variables:
JAVA_HOME=C:\Program Files\OpenJDK\jdk-12.0.2
PATH=C:\Python39\Scripts\;C:\Python39\;C:\Program Files\Common Files\Oracle\Java\javapath;C:\Program Files (x86)\Razer Chroma SDK\bin;C:\Program Files\Razer Chroma SDK\bin;C:\Program Files (x86)\Razer\ChromaBroadcast\bin;C:\Program Files\Razer\ChromaBroadcast\bin;C:\Program Files (x86)\Common Files\Oracle\Java\javapath;C:\Program Files (x86)\Intel\iCLS Client\;C:\Program Files\Intel\iCLS Client\;C:\Windows\system32;C:\Windows;C:\Windows\System32\Wbem;C:\Windows\System32\WindowsPowerShell\v1.0\;C:\Program Files (x86)\Intel\Intel(R) Management Engine Components\DAL;C:\Program Files\Intel\Intel(R) Management Engine Components\DAL;C:\Program Files (x86)\Intel\Intel(R) Management Engine Components\IPT;C:\Program Files\Intel\Intel(R) Management Engine Components\IPT;C:\Program Files\Intel\WiFi\bin\;C:\Program Files\Common Files\Intel\WirelessCommon\;C:\WINDOWS\system32;C:\WINDOWS;C:\WINDOWS\System32\Wbem;C:\WINDOWS\System32\WindowsPowerShell\v1.0\;C:\WINDOWS\System32\OpenSSH\;C:\Program Files (x86)\NVIDIA Corporation\PhysX\Common;C:\WINDOWS\system32;C:\WINDOWS;C:\WINDOWS\System32\Wbem;C:\WINDOWS\System32\WindowsPowerShell\v1.0\;C:\WINDOWS\System32\OpenSSH\;C:\Program Files\Microsoft VS Code\bin;C:\Program Files\PuTTY\;C:\WINDOWS\system32\config\systemprofile\AppData\Local\Microsoft\WindowsApps;C:\Program Files\dotnet\;C:\Program Files\Microsoft SQL Server\130\Tools\Binn\;C:\Program Files\Microsoft SQL Server\Client SDK\ODBC\170\Tools\Binn\;C:\Program Files (x86)\Windows Kits\10\Windows Performance Toolkit\;C:\Program Files (x86)\dotnet\;C:\ProgramData\chocolatey\bin;C:\Program Files\OpenJDK\jdk-12.0.2\bin;C:\Users\Kalle\AppData\Roaming\nvm;C:\Program Files\nodejs;C:\Program Files\Git\cmd;C:\Users\Kalle\AppData\Roaming\nvm\v14.17.6;;C:\Program Files\Git LFS;D:\Tizen\tools\ide\bin;C:\Users\Kalle\scoop\shims;C:\Users\Kalle\AppData\Local\Programs\Python\Python38\Scripts\;C:\Users\Kalle\AppData\Local\Programs\Python\Python38\;C:\Users\Kalle\AppData\Local\Microsoft\WindowsApps;C:\
USERNAME=Kalle
OS=Windows_NT
PROCESSOR_IDENTIFIER=Intel64 Family 6 Model 158 Stepping 9, GenuineIntel



---------------  S Y S T E M  ---------------

OS:
 Windows 10 , 64 bit Build 19041 (10.0.19041.1202)
OS uptime: 3 days 15:16 hours
Hyper-V role detected

CPU: total 4 (initial active 4) (4 cores per cpu, 1 threads per core) family 6 model 158 stepping 9 microcode 0xca, cx8, cmov, fxsr, mmx, 3dnowpref, sse, sse2, sse3, ssse3, sse4.1, sse4.2, popcnt, lzcnt, tsc, tscinvbit, avx, avx2, aes, erms, clmul, bmi1, bmi2, adx, fma, vzeroupper, clflush, clflushopt, hv

Memory: 4k page, system-wide physical 16268M (3750M free)
TotalPageFile size 20268M (AvailPageFile size 122M)
current process WorkingSet (physical memory assigned to process): 10M, peak: 10M
current process commit charge ("private bytes"): 51M, peak: 307M

vm_info: Java HotSpot(TM) 64-Bit Server VM (17+35-LTS-2724) for windows-amd64 JRE (17+35-LTS-2724), built on Aug  5 2021 23:28:28 by "mach5one" with MS VC++ 16.8 (VS2019)

END.
